[2019-12-19 07:26:10][http://awe5.plugin.hu] E0005 - Hibás SQL parancs! -> ERROR:  column "core_url.url_id" must appear in the GROUP BY clause or be used in an aggregate function
LINE 1: SELECT * FROM core_url WHERE (url_seq > $1) GROUP BY url_pos
               ^
[2019-12-19 07:26:11][http://awe5.plugin.hu] E0005 - Hibás SQL parancs! -> ERROR:  column "core_url.url_id" must appear in the GROUP BY clause or be used in an aggregate function
LINE 1: SELECT * FROM core_url WHERE (url_seq > $1) GROUP BY url_pos
               ^
[2019-12-19 07:26:11][http://awe5.plugin.hu] E0005 - Hibás SQL parancs! -> ERROR:  column "core_url.url_id" must appear in the GROUP BY clause or be used in an aggregate function
LINE 1: SELECT * FROM core_url WHERE (url_seq > $1) GROUP BY url_pos
               ^
[2019-12-19 07:34:08][http://awe5.plugin.hu] E0005 - Hibás SQL parancs! -> ERROR:  column "core_url.url_id" must appear in the GROUP BY clause or be used in an aggregate function
LINE 1: SELECT * FROM core_url WHERE (url_seq > $1) GROUP BY url_pos
               ^
[2019-12-19 08:26:38][http://awe5.plugin.hu] E0005 - Hibás SQL parancs! -> ERROR:  column "core_url.url_id" must appear in the GROUP BY clause or be used in an aggregate function
LINE 1: SELECT * FROM core_url WHERE (url_seq > $1) GROUP BY url_pos
               ^
[2019-12-19 08:27:38][http://awe5.plugin.hu] E0005 - Hibás SQL parancs! -> ERROR:  column "core_url.url_id" must appear in the GROUP BY clause or be used in an aggregate function
LINE 1: SELECT * FROM core_url WHERE (url_seq > $1) GROUP BY url_pos
               ^
[2019-12-19 08:27:47][http://awe5.plugin.hu] E0005 - Hibás SQL parancs! -> ERROR:  column "core_url.url_url" must appear in the GROUP BY clause or be used in an aggregate function
LINE 1: SELECT url_url AS url_url FROM core_url WHERE (url_seq > $1)...
               ^
[2019-12-19 08:27:49][http://awe5.plugin.hu] E0005 - Hibás SQL parancs! -> ERROR:  column "core_url.url_url" must appear in the GROUP BY clause or be used in an aggregate function
LINE 1: SELECT url_url AS url_url FROM core_url WHERE (url_seq > $1)...
               ^
[2019-12-19 08:28:29][http://awe5.plugin.hu] E0005 - Hibás SQL parancs! -> ERROR:  syntax error at or near "."
LINE 1: SELECT url_url AS core_url.url_url FROM core_url WHERE (url_...
                                  ^
[2019-12-19 08:29:01][http://awe5.plugin.hu] E0005 - Hibás SQL parancs! -> ERROR:  column "core_url.url_url" must appear in the GROUP BY clause or be used in an aggregate function
LINE 1: SELECT core_url.url_url AS url_url FROM core_url WHERE (url_...
               ^
[2019-12-19 08:29:31][http://awe5.plugin.hu] E0005 - Hibás SQL parancs! -> ERROR:  column "core_url.url_url" must appear in the GROUP BY clause or be used in an aggregate function
LINE 1: SELECT core_url.url_url AS url_url FROM core_url WHERE (url_...
               ^
[2019-12-19 08:33:02][http://awe5.plugin.hu] E0005 - Hibás SQL parancs! -> ERROR:  column "core_url.url_seq" must appear in the GROUP BY clause or be used in an aggregate function
LINE 1: ...AS url_pos FROM core_url GROUP BY url_pos HAVING (url_seq > ...
                                                             ^
[2019-12-19 08:33:53][http://awe5.plugin.hu] E0005 - Hibás SQL parancs! -> ERROR:  column "core_url.url_seq" must appear in the GROUP BY clause or be used in an aggregate function
LINE 1: ...AS url_pos FROM core_url GROUP BY url_pos HAVING (url_seq > ...
                                                             ^
[2019-12-19 08:33:54][http://awe5.plugin.hu] E0005 - Hibás SQL parancs! -> ERROR:  column "core_url.url_seq" must appear in the GROUP BY clause or be used in an aggregate function
LINE 1: ...AS url_pos FROM core_url GROUP BY url_pos HAVING (url_seq > ...
                                                             ^
[2019-12-19 08:34:18][http://awe5.plugin.hu] E0005 - Hibás SQL parancs! -> ERROR:  bind message supplies 0 parameters, but prepared statement "pdo_stmt_0000001c" requires 1
[2019-12-19 08:34:47][http://awe5.plugin.hu] E0005 - Hibás SQL parancs! -> ERROR:  bind message supplies 0 parameters, but prepared statement "pdo_stmt_0000001c" requires 1
[2019-12-19 08:34:48][http://awe5.plugin.hu] E0005 - Hibás SQL parancs! -> ERROR:  bind message supplies 0 parameters, but prepared statement "pdo_stmt_0000001c" requires 1
[2019-12-19 08:35:06][http://awe5.plugin.hu] E0005 - Hibás SQL parancs! -> ERROR:  bind message supplies 0 parameters, but prepared statement "pdo_stmt_0000001c" requires 1
[2019-12-19 08:38:14][http://awe5.plugin.hu] E0005 - Hibás SQL parancs! -> ERROR:  bind message supplies 0 parameters, but prepared statement "pdo_stmt_0000001c" requires 1
[2019-12-19 08:39:04][http://awe5.plugin.hu] E0005 - Hibás SQL parancs! -> ERROR:  bind message supplies 0 parameters, but prepared statement "pdo_stmt_0000001c" requires 1
[2019-12-19 08:39:05][http://awe5.plugin.hu] E0005 - Hibás SQL parancs! -> ERROR:  bind message supplies 0 parameters, but prepared statement "pdo_stmt_0000001c" requires 1
[2019-12-19 08:39:05][http://awe5.plugin.hu] E0005 - Hibás SQL parancs! -> ERROR:  bind message supplies 0 parameters, but prepared statement "pdo_stmt_0000001c" requires 1
[2019-12-19 08:39:06][http://awe5.plugin.hu] E0005 - Hibás SQL parancs! -> ERROR:  bind message supplies 0 parameters, but prepared statement "pdo_stmt_0000001c" requires 1
[2019-12-19 08:39:50][http://awe5.plugin.hu] E0005 - Hibás SQL parancs! -> ERROR:  bind message supplies 0 parameters, but prepared statement "pdo_stmt_0000001c" requires 1
[2019-12-19 08:39:52][http://awe5.plugin.hu] E0005 - Hibás SQL parancs! -> ERROR:  bind message supplies 0 parameters, but prepared statement "pdo_stmt_0000001c" requires 1
[2019-12-19 08:39:53][http://awe5.plugin.hu] E0005 - Hibás SQL parancs! -> ERROR:  bind message supplies 0 parameters, but prepared statement "pdo_stmt_0000001c" requires 1
[2019-12-19 08:39:53][http://awe5.plugin.hu] E0005 - Hibás SQL parancs! -> ERROR:  bind message supplies 0 parameters, but prepared statement "pdo_stmt_0000001c" requires 1
[2019-12-19 08:40:12][http://awe5.plugin.hu] E0005 - Hibás SQL parancs! -> ERROR:  bind message supplies 0 parameters, but prepared statement "pdo_stmt_0000001c" requires 1
[2019-12-19 08:44:42][http://awe5.plugin.hu] E0005 - Hibás SQL parancs! -> ERROR:  bind message supplies 0 parameters, but prepared statement "pdo_stmt_0000001c" requires 1
