[2019-11-06 08:17:23][http://awe5.plugin.hu/admin/translator] juhéééé
[2019-11-06 08:23:08][http://awe5.plugin.hu/admin/translator] juhéééé
[2019-11-06 08:23:08][http://awe5.plugin.hu/admin/translator] juhéééé
[2019-11-06 08:23:09][http://awe5.plugin.hu/admin/translator] juhéééé
[2019-11-06 08:23:09][http://awe5.plugin.hu/admin/translator] juhéééé
[2019-11-06 08:23:09][http://awe5.plugin.hu/admin/translator] juhéééé
[2019-11-06 08:23:09][http://awe5.plugin.hu/admin/translator] juhéééé
[2019-11-06 08:23:09][http://awe5.plugin.hu/admin/translator] juhéééé
[2019-11-06 08:23:10][http://awe5.plugin.hu/admin/translator] juhéééé
[2019-11-06 08:23:10][http://awe5.plugin.hu/admin/translator] juhéééé
[2019-11-06 08:23:10][http://awe5.plugin.hu/admin/translator] juhéééé
[2019-11-06 08:23:55][http://awe5.plugin.hu/admin/translator] juhéééé
[2019-11-06 08:24:01][http://awe5.plugin.hu/admin/translator] juhéééé
[2019-11-06 08:24:01][http://awe5.plugin.hu/admin/translator] juhéééé
[2019-11-06 08:24:01][http://awe5.plugin.hu/admin/translator] juhéééé
[2019-11-06 08:24:01][http://awe5.plugin.hu/admin/translator] juhéééé
[2019-11-06 08:24:02][http://awe5.plugin.hu/admin/translator] juhéééé
[2019-11-06 08:24:02][http://awe5.plugin.hu/admin/translator] juhéééé
[2019-11-06 08:24:02][http://awe5.plugin.hu/admin/translator] juhéééé
[2019-11-06 08:24:02][http://awe5.plugin.hu/admin/translator] juhéééé
[2019-11-06 08:25:42][http://awe5.plugin.hu/admin/translator] juhéééé
[2019-11-06 08:25:43][http://awe5.plugin.hu/admin/translator] juhéééé
[2019-11-06 08:25:43][http://awe5.plugin.hu/admin/translator] juhéééé
[2019-11-06 08:25:43][http://awe5.plugin.hu/admin/translator] juhéééé
[2019-11-06 08:25:44][http://awe5.plugin.hu/admin/translator] juhéééé
[2019-11-06 08:34:57][http://awe5.plugin.hu/admin/translator] juhéééé
[2019-11-06 08:34:58][http://awe5.plugin.hu/admin/translator] juhéééé
[2019-11-06 08:34:58][http://awe5.plugin.hu/admin/translator] juhéééé
[2019-11-06 08:35:33][http://awe5.plugin.hu/admin/translator] juhéééé
[2019-11-06 08:38:08][http://awe5.plugin.hu/admin/translator] juhéééé
[2019-11-06 08:39:19][http://awe5.plugin.hu/admin/translator] juhéééé
[2019-11-06 08:39:19][http://awe5.plugin.hu/admin/translator] juhéééé
[2019-11-06 08:39:20][http://awe5.plugin.hu/admin/translator] juhéééé
[2019-11-06 08:39:20][http://awe5.plugin.hu/admin/translator] juhéééé
[2019-11-06 08:39:20][http://awe5.plugin.hu/admin/translator] juhéééé
[2019-11-06 08:39:20][http://awe5.plugin.hu/admin/translator] juhéééé
[2019-11-06 08:39:21][http://awe5.plugin.hu/admin/translator] juhéééé
[2019-11-06 08:39:21][http://awe5.plugin.hu/admin/translator] juhéééé
[2019-11-06 08:39:22][http://awe5.plugin.hu/admin/translator] juhéééé
[2019-11-06 08:39:22][http://awe5.plugin.hu/admin/translator] juhéééé
[2019-11-06 08:39:22][http://awe5.plugin.hu/admin/translator] juhéééé
[2019-11-06 08:39:22][http://awe5.plugin.hu/admin/translator] juhéééé
[2019-11-06 08:39:23][http://awe5.plugin.hu/admin/translator] juhéééé
[2019-11-06 08:39:23][http://awe5.plugin.hu/admin/translator] juhéééé
[2019-11-06 08:39:23][http://awe5.plugin.hu/admin/translator] juhéééé
[2019-11-06 08:39:23][http://awe5.plugin.hu/admin/translator] juhéééé
[2019-11-06 08:39:23][http://awe5.plugin.hu/admin/translator] juhéééé
[2019-11-06 08:39:23][http://awe5.plugin.hu/admin/translator] juhéééé
[2019-11-06 08:39:24][http://awe5.plugin.hu/admin/translator] juhéééé
[2019-11-06 08:39:24][http://awe5.plugin.hu/admin/translator] juhéééé
[2019-11-06 08:39:24][http://awe5.plugin.hu/admin/translator] juhéééé
[2019-11-06 08:39:24][http://awe5.plugin.hu/admin/translator] juhéééé
[2019-11-06 08:39:24][http://awe5.plugin.hu/admin/translator] juhéééé
[2019-11-06 08:39:24][http://awe5.plugin.hu/admin/translator] juhéééé
[2019-11-06 08:39:25][http://awe5.plugin.hu/admin/translator] juhéééé
[2019-11-06 08:39:25][http://awe5.plugin.hu/admin/translator] juhéééé
[2019-11-06 08:39:25][http://awe5.plugin.hu/admin/translator] juhéééé
[2019-11-06 08:39:25][http://awe5.plugin.hu/admin/translator] juhéééé
[2019-11-06 08:39:25][http://awe5.plugin.hu/admin/translator] juhéééé
[2019-11-06 08:39:26][http://awe5.plugin.hu/admin/translator] juhéééé
[2019-11-06 08:39:26][http://awe5.plugin.hu/admin/translator] juhéééé
[2019-11-06 08:39:26][http://awe5.plugin.hu/admin/translator] juhéééé
[2019-11-06 08:39:26][http://awe5.plugin.hu/admin/translator] juhéééé
[2019-11-06 08:39:26][http://awe5.plugin.hu/admin/translator] juhéééé
[2019-11-06 08:39:26][http://awe5.plugin.hu/admin/translator] juhéééé
[2019-11-06 08:39:27][http://awe5.plugin.hu/admin/translator] juhéééé
[2019-11-06 08:39:27][http://awe5.plugin.hu/admin/translator] juhéééé
[2019-11-06 08:39:27][http://awe5.plugin.hu/admin/translator] juhéééé
[2019-11-06 08:39:27][http://awe5.plugin.hu/admin/translator] juhéééé
[2019-11-06 08:39:27][http://awe5.plugin.hu/admin/translator] juhéééé
[2019-11-06 08:39:27][http://awe5.plugin.hu/admin/translator] juhéééé
[2019-11-06 08:39:28][http://awe5.plugin.hu/admin/translator] juhéééé
[2019-11-06 08:39:28][http://awe5.plugin.hu/admin/translator] juhéééé
[2019-11-06 08:39:30][http://awe5.plugin.hu/admin/translator] juhéééé
[2019-11-06 08:39:30][http://awe5.plugin.hu/admin/translator] juhéééé
[2019-11-06 08:39:30][http://awe5.plugin.hu/admin/translator] juhéééé
[2019-11-06 08:39:31][http://awe5.plugin.hu/admin/translator] juhéééé
[2019-11-06 08:42:44][http://awe5.plugin.hu/admin/translator] juhéééé
[2019-11-06 08:43:19][http://awe5.plugin.hu/admin/translator] juhéééé
[2019-11-06 08:43:20][http://awe5.plugin.hu/admin/translator] juhéééé
[2019-11-06 08:43:20][http://awe5.plugin.hu/admin/translator] juhéééé
[2019-11-06 08:43:52][http://awe5.plugin.hu/admin/translator] juhéééé
[2019-11-06 08:43:53][http://awe5.plugin.hu/admin/translator] juhéééé
[2019-11-06 08:47:37][http://awe5.plugin.hu/admin/translator] juhéééé
[2019-11-06 08:47:39][http://awe5.plugin.hu/admin/translator] juhéééé
[2019-11-06 08:47:40][http://awe5.plugin.hu/admin/translator] juhéééé
[2019-11-06 08:47:40][http://awe5.plugin.hu/admin/translator] juhéééé
[2019-11-06 08:51:25][http://awe5.plugin.hu/admin/translator] juhéééé
[2019-11-06 08:56:14][http://awe5.plugin.hu/admin/translator] juhéééé
[2019-11-06 08:56:17][http://awe5.plugin.hu/admin/translator] juhéééé
[2019-11-06 08:56:18][http://awe5.plugin.hu/admin/translator] juhéééé
[2019-11-06 08:56:19][http://awe5.plugin.hu/admin/translator] juhéééé
[2019-11-06 08:56:20][http://awe5.plugin.hu/admin/translator] juhéééé
[2019-11-06 08:56:20][http://awe5.plugin.hu/admin/translator] juhéééé
[2019-11-06 08:56:20][http://awe5.plugin.hu/admin/translator] juhéééé
[2019-11-06 08:56:21][http://awe5.plugin.hu/admin/translator] juhéééé
[2019-11-06 08:56:21][http://awe5.plugin.hu/admin/translator] juhéééé
[2019-11-06 08:56:22][http://awe5.plugin.hu/admin/translator] juhéééé
[2019-11-06 08:56:22][http://awe5.plugin.hu/admin/translator] juhéééé
[2019-11-06 08:56:22][http://awe5.plugin.hu/admin/translator] juhéééé
[2019-11-06 08:56:22][http://awe5.plugin.hu/admin/translator] juhéééé
[2019-11-06 08:56:22][http://awe5.plugin.hu/admin/translator] juhéééé
[2019-11-06 08:56:23][http://awe5.plugin.hu/admin/translator] juhéééé
[2019-11-06 08:56:23][http://awe5.plugin.hu/admin/translator] juhéééé
[2019-11-06 08:56:23][http://awe5.plugin.hu/admin/translator] juhéééé
[2019-11-06 08:57:01][http://awe5.plugin.hu/admin/translator] juhéééé
[2019-11-06 08:57:03][http://awe5.plugin.hu/admin/translator] juhéééé
[2019-11-06 08:57:27][http://awe5.plugin.hu/admin/translator] juhéééé
[2019-11-06 08:57:28][http://awe5.plugin.hu/admin/translator] juhéééé
[2019-11-06 08:57:29][http://awe5.plugin.hu/admin/translator] juhéééé
[2019-11-06 08:57:30][http://awe5.plugin.hu/admin/translator] juhéééé
[2019-11-06 08:57:30][http://awe5.plugin.hu/admin/translator] juhéééé
[2019-11-06 08:57:45][http://awe5.plugin.hu/admin/translator] juhéééé
[2019-11-06 08:57:47][http://awe5.plugin.hu/admin/translator] juhéééé
[2019-11-06 08:57:48][http://awe5.plugin.hu/admin/translator] juhéééé
[2019-11-06 08:57:48][http://awe5.plugin.hu/admin/translator] juhéééé
[2019-11-06 08:58:03][http://awe5.plugin.hu/admin/translator] juhéééé
[2019-11-06 08:58:04][http://awe5.plugin.hu/admin/translator] juhéééé
[2019-11-06 08:58:04][http://awe5.plugin.hu/admin/translator] juhéééé
[2019-11-06 09:00:16][http://awe5.plugin.hu/admin/translator] juhéééé
[2019-11-06 09:04:30][http://awe5.plugin.hu/admin/translator] juhéééé
[2019-11-06 09:06:13][http://awe5.plugin.hu/admin/translator] juhéééé
[2019-11-06 09:06:14][http://awe5.plugin.hu/admin/translator] juhéééé
[2019-11-06 09:06:15][http://awe5.plugin.hu/admin/translator] juhéééé
[2019-11-06 09:06:15][http://awe5.plugin.hu/admin/translator] juhéééé
[2019-11-06 09:07:25][] juhéééé
[2019-11-06 09:07:26][] juhéééé
[2019-11-06 09:08:54][] juhéééé
[2019-11-06 09:20:14][] juhéééé
[2019-11-06 09:20:18][] juhéééé
[2019-11-06 09:20:19][] juhéééé
[2019-11-06 09:20:19][] juhéééé
[2019-11-06 09:25:12][http://awe5.plugin.hu/admin/translator] juhéééé
[2019-11-06 09:25:13][http://awe5.plugin.hu/admin/translator] juhéééé
[2019-11-06 09:25:14][http://awe5.plugin.hu/admin/translator] juhéééé
[2019-11-06 09:25:14][http://awe5.plugin.hu/admin/translator] juhéééé
[2019-11-06 09:25:14][http://awe5.plugin.hu/admin/translator] juhéééé
[2019-11-06 09:25:14][http://awe5.plugin.hu/admin/translator] juhéééé
[2019-11-06 09:25:14][http://awe5.plugin.hu/admin/translator] juhéééé
[2019-11-06 09:26:15][http://awe5.plugin.hu/admin/translator] juhéééé
[2019-11-06 09:26:16][http://awe5.plugin.hu/admin/translator] juhéééé
[2019-11-06 09:26:16][http://awe5.plugin.hu/admin/translator] juhéééé
[2019-11-06 09:26:16][http://awe5.plugin.hu/admin/translator] juhéééé
[2019-11-06 09:26:17][http://awe5.plugin.hu/admin/translator] juhéééé
[2019-11-06 09:28:36][http://awe5.plugin.hu/admin/translator] juhéééé
[2019-11-06 09:28:37][http://awe5.plugin.hu/admin/translator] juhéééé
[2019-11-06 09:28:38][http://awe5.plugin.hu/admin/translator] juhéééé
[2019-11-06 09:28:38][http://awe5.plugin.hu/admin/translator] juhéééé
[2019-11-06 09:28:38][http://awe5.plugin.hu/admin/translator] juhéééé
[2019-11-06 09:28:40][http://awe5.plugin.hu/admin/translator] juhéééé
[2019-11-06 09:28:41][http://awe5.plugin.hu/admin/translator] juhéééé
[2019-11-06 09:28:50][http://awe5.plugin.hu/admin/translator] juhéééé
[2019-11-06 09:28:51][http://awe5.plugin.hu/admin/translator] juhéééé
[2019-11-06 09:28:52][http://awe5.plugin.hu/admin/translator] juhéééé
[2019-11-06 09:28:52][http://awe5.plugin.hu/admin/translator] juhéééé
[2019-11-06 09:28:52][http://awe5.plugin.hu/admin/translator] juhéééé
[2019-11-06 09:29:51][http://awe5.plugin.hu/admin/translator] juhéééé
[2019-11-06 09:29:53][http://awe5.plugin.hu/admin/translator] juhéééé
[2019-11-06 09:29:53][http://awe5.plugin.hu/admin/translator] juhéééé
[2019-11-06 09:29:53][http://awe5.plugin.hu/admin/translator] juhéééé
[2019-11-06 09:29:53][http://awe5.plugin.hu/admin/translator] juhéééé
[2019-11-06 09:30:12][http://awe5.plugin.hu/admin/translator] juhéééé
[2019-11-06 09:30:13][http://awe5.plugin.hu/admin/translator] juhéééé
[2019-11-06 09:33:16][http://awe5.plugin.hu/admin/translator] juhéééé
[2019-11-06 09:33:22][http://awe5.plugin.hu/admin/translator] juhéééé
[2019-11-06 09:33:23][http://awe5.plugin.hu/admin/translator] juhéééé
[2019-11-06 09:33:24][http://awe5.plugin.hu/admin/translator] juhéééé
[2019-11-06 09:39:15][http://awe5.plugin.hu/admin/translator] juhéééé
[2019-11-06 09:39:16][http://awe5.plugin.hu/admin/translator] juhéééé
[2019-11-06 09:39:16][http://awe5.plugin.hu/admin/translator] juhéééé
[2019-11-06 09:40:05][http://awe5.plugin.hu/admin/translator] juhéééé
[2019-11-06 09:40:06][http://awe5.plugin.hu/admin/translator] juhéééé
[2019-11-06 09:40:22][http://awe5.plugin.hu/admin/translator] juhéééé
[2019-11-06 10:10:09][http://awe5.plugin.hu/admin/translator] juhéééé
[2019-11-06 10:10:10][http://awe5.plugin.hu/admin/translator] juhéééé
[2019-11-06 10:10:10][http://awe5.plugin.hu/admin/translator] juhéééé
[2019-11-06 10:10:10][http://awe5.plugin.hu/admin/translator] juhéééé
[2019-11-06 10:13:03][http://awe5.plugin.hu/admin/translator] juhéééé
[2019-11-06 10:17:25][http://awe5.plugin.hu/admin/translator] juhéééé
[2019-11-06 10:23:44][http://awe5.plugin.hu/admin/translator] juhéééé
[2019-11-06 10:23:46][http://awe5.plugin.hu/admin/translator] juhéééé
[2019-11-06 10:23:59][http://awe5.plugin.hu/admin/translator] juhéééé
[2019-11-06 10:24:55][http://awe5.plugin.hu/admin/translator] juhéééé
[2019-11-06 10:25:54][http://awe5.plugin.hu/admin/translator] juhéééé
[2019-11-06 10:25:55][http://awe5.plugin.hu/admin/translator] juhéééé
[2019-11-06 10:25:56][http://awe5.plugin.hu/admin/translator] juhéééé
[2019-11-06 10:25:56][http://awe5.plugin.hu/admin/translator] juhéééé
[2019-11-06 10:41:37][http://awe5.plugin.hu/admin/translator] juhéééé
[2019-11-06 10:41:38][http://awe5.plugin.hu/admin/translator] juhéééé
[2019-11-06 10:41:39][http://awe5.plugin.hu/admin/translator] juhéééé
[2019-11-06 10:41:39][http://awe5.plugin.hu/admin/translator] juhéééé
[2019-11-06 10:41:39][http://awe5.plugin.hu/admin/translator] juhéééé
[2019-11-06 10:44:07][http://awe5.plugin.hu/admin/translator] juhéééé
[2019-11-06 10:44:08][http://awe5.plugin.hu/admin/translator] juhéééé
[2019-11-06 10:44:12][http://awe5.plugin.hu/admin/translator] juhéééé
[2019-11-06 10:44:13][http://awe5.plugin.hu/admin/translator] juhéééé
[2019-11-06 10:44:20][http://awe5.plugin.hu/admin/translator] juhéééé
[2019-11-06 10:44:21][http://awe5.plugin.hu/admin/translator] juhéééé
[2019-11-06 10:45:41][http://awe5.plugin.hu/admin/translator] juhéééé
[2019-11-06 10:45:42][http://awe5.plugin.hu/admin/translator] juhéééé
[2019-11-06 10:45:43][http://awe5.plugin.hu/admin/translator] juhéééé
[2019-11-06 10:45:43][http://awe5.plugin.hu/admin/translator] juhéééé
[2019-11-06 10:46:16][http://awe5.plugin.hu/admin/translator] juhéééé
[2019-11-14 09:24:47][http://awe5.plugin.hu/admin/url1] Nincs mit megjeleníteni ebben a pozicióba: {content}
[2019-11-14 09:24:48][http://awe5.plugin.hu/admin/url1] Nincs mit megjeleníteni ebben a pozicióba: {content}
[2019-11-14 09:25:38][http://awe5.plugin.hu/admin/url1] Nincs mit megjeleníteni ebben a pozicióba: <b>{content}</b>
[2019-11-14 09:25:53][http://awe5.plugin.hu/admin/url1] Nincs mit megjeleníteni ebben a pozicióba: {content}
[2019-11-14 09:26:48][http://awe5.plugin.hu/admin/url] Nincs mit megjeleníteni ebben a pozicióba: {content}
[2019-11-14 09:27:32][http://awe5.plugin.hu/admin/url] Nincs mit megjeleníteni ebben a pozicióba: {content}
[2019-11-14 09:27:33][http://awe5.plugin.hu/admin/url] Nincs mit megjeleníteni ebben a pozicióba: {content}
[2019-11-14 12:05:03][http://185.199.31.180/admin] Nincs mit megjeleníteni ebben a pozicióba: {content}
[2019-11-14 12:05:52][http://185.199.31.180/admin] Nincs mit megjeleníteni ebben a pozicióba: {content}
[2019-11-14 12:05:53][http://185.199.31.180/admin] Nincs mit megjeleníteni ebben a pozicióba: {content}
[2019-11-14 12:05:53][http://185.199.31.180/admin] Nincs mit megjeleníteni ebben a pozicióba: {content}
[2019-11-14 12:06:36][http://185.199.31.180/admin] Nincs mit megjeleníteni ebben a pozicióba: {content}
[2019-11-14 12:06:36][http://185.199.31.180/admin] Nincs mit megjeleníteni ebben a pozicióba: {content}
[2019-11-14 12:06:37][http://185.199.31.180/admin] Nincs mit megjeleníteni ebben a pozicióba: {content}
[2019-11-14 12:23:37][http://awe5.plugin.hu/admin/url-] Nincs mit megjeleníteni ebben a pozicióba: {content}
[2019-11-14 01:22:07][http://awe5.plugin.hu/admin/translator/ajax] Nincs mit megjeleníteni ebben a pozicióba: {*}
[2019-11-14 01:22:11][http://awe5.plugin.hu/admin/translator/ajax] Nincs mit megjeleníteni ebben a pozicióba: {*}
[2019-11-14 01:23:35][http://awe5.plugin.hu/admin/translator/ajax] Nincs mit megjeleníteni ebben a pozicióba: {*}
[2019-11-14 01:24:08][http://awe5.plugin.hu/admin/translator/ajax] Nincs mit megjeleníteni ebben a pozicióba: {*}
[2019-11-14 01:24:11][http://awe5.plugin.hu/admin/translator/ajax] Nincs mit megjeleníteni ebben a pozicióba: {*}
[2019-11-14 01:24:21][http://awe5.plugin.hu/admin/translator/ajax] Nincs mit megjeleníteni ebben a pozicióba: {*}
[2019-11-14 01:24:53][http://awe5.plugin.hu/admin/translator/ajax] Nincs mit megjeleníteni ebben a pozicióba: {*}
[2019-11-14 01:24:53][http://awe5.plugin.hu/admin/translator/ajax] Nincs mit megjeleníteni ebben a pozicióba: {*}
[2019-11-14 01:24:53][http://awe5.plugin.hu/admin/translator/ajax] Nincs mit megjeleníteni ebben a pozicióba: {*}
[2019-11-14 01:24:54][http://awe5.plugin.hu/admin/translator/ajax] Nincs mit megjeleníteni ebben a pozicióba: {*}
[2019-11-14 01:24:54][http://awe5.plugin.hu/admin/translator/ajax] Nincs mit megjeleníteni ebben a pozicióba: {*}
[2019-11-14 01:27:09][http://awe5.plugin.hu/admin/translator/ajax] Nincs mit megjeleníteni ebben a pozicióba: {*}
[2019-11-14 01:27:10][http://awe5.plugin.hu/admin/translator/ajax] Nincs mit megjeleníteni ebben a pozicióba: {*}
[2019-11-14 01:27:10][http://awe5.plugin.hu/admin/translator/ajax] Nincs mit megjeleníteni ebben a pozicióba: {*}
[2019-11-14 01:27:11][http://awe5.plugin.hu/admin/translator/ajax] Nincs mit megjeleníteni ebben a pozicióba: {*}
[2019-11-14 01:27:12][http://awe5.plugin.hu/admin/translator/ajax] Nincs mit megjeleníteni ebben a pozicióba: {*}
[2019-11-14 01:27:42][http://awe5.plugin.hu/admin/translator/ajax] Nincs mit megjeleníteni ebben a pozicióba: {*}
[2019-11-14 01:27:42][http://awe5.plugin.hu/admin/translator/ajax] Nincs mit megjeleníteni ebben a pozicióba: {*}
[2019-11-14 01:27:43][http://awe5.plugin.hu/admin/translator/ajax] Nincs mit megjeleníteni ebben a pozicióba: {*}
[2019-11-14 01:27:43][http://awe5.plugin.hu/admin/translator/ajax] Nincs mit megjeleníteni ebben a pozicióba: {*}
[2019-11-14 01:27:43][http://awe5.plugin.hu/admin/translator/ajax] Nincs mit megjeleníteni ebben a pozicióba: {*}
[2019-11-14 01:27:43][http://awe5.plugin.hu/admin/translator/ajax] Nincs mit megjeleníteni ebben a pozicióba: {*}
[2019-11-14 01:27:43][http://awe5.plugin.hu/admin/translator/ajax] Nincs mit megjeleníteni ebben a pozicióba: {*}
[2019-11-14 01:27:44][http://awe5.plugin.hu/admin/translator/ajax] Nincs mit megjeleníteni ebben a pozicióba: {*}
[2019-11-14 01:27:44][http://awe5.plugin.hu/admin/translator/ajax] Nincs mit megjeleníteni ebben a pozicióba: {*}
[2019-11-14 01:27:44][http://awe5.plugin.hu/admin/translator/ajax] Nincs mit megjeleníteni ebben a pozicióba: {*}
[2019-11-14 01:27:44][http://awe5.plugin.hu/admin/translator/ajax] Nincs mit megjeleníteni ebben a pozicióba: {*}
[2019-11-14 01:27:44][http://awe5.plugin.hu/admin/translator/ajax] Nincs mit megjeleníteni ebben a pozicióba: {*}
[2019-11-14 01:27:44][http://awe5.plugin.hu/admin/translator/ajax] Nincs mit megjeleníteni ebben a pozicióba: {*}
[2019-11-14 01:28:11][http://awe5.plugin.hu/admin/translator/ajax] Nincs mit megjeleníteni ebben a pozicióba: {*}
[2019-11-14 01:28:12][http://awe5.plugin.hu/admin/translator/ajax] Nincs mit megjeleníteni ebben a pozicióba: {*}
[2019-11-14 01:28:13][http://awe5.plugin.hu/admin/translator/ajax] Nincs mit megjeleníteni ebben a pozicióba: {*}
[2019-11-14 01:28:13][http://awe5.plugin.hu/admin/translator/ajax] Nincs mit megjeleníteni ebben a pozicióba: {*}
[2019-11-14 01:28:13][http://awe5.plugin.hu/admin/translator/ajax] Nincs mit megjeleníteni ebben a pozicióba: {*}
[2019-11-14 01:28:13][http://awe5.plugin.hu/admin/translator/ajax] Nincs mit megjeleníteni ebben a pozicióba: {*}
[2019-11-14 01:28:14][http://awe5.plugin.hu/admin/translator/ajax] Nincs mit megjeleníteni ebben a pozicióba: {*}
[2019-11-14 01:28:30][http://awe5.plugin.hu/admin/translator/ajax] Nincs mit megjeleníteni ebben a pozicióba: {*}
[2019-11-14 01:28:30][http://awe5.plugin.hu/admin/translator/ajax] Nincs mit megjeleníteni ebben a pozicióba: {*}
[2019-11-14 01:28:30][http://awe5.plugin.hu/admin/translator/ajax] Nincs mit megjeleníteni ebben a pozicióba: {*}
[2019-11-14 01:28:49][http://awe5.plugin.hu/admin/translator/ajax] Nincs mit megjeleníteni ebben a pozicióba: {*}
[2019-11-14 01:28:50][http://awe5.plugin.hu/admin/translator/ajax] Nincs mit megjeleníteni ebben a pozicióba: {*}
[2019-11-14 01:28:50][http://awe5.plugin.hu/admin/translator/ajax] Nincs mit megjeleníteni ebben a pozicióba: {*}
[2019-11-14 01:28:50][http://awe5.plugin.hu/admin/translator/ajax] Nincs mit megjeleníteni ebben a pozicióba: {*}
[2019-11-14 01:28:51][http://awe5.plugin.hu/admin/translator/ajax] Nincs mit megjeleníteni ebben a pozicióba: {*}
[2019-11-14 01:28:51][http://awe5.plugin.hu/admin/translator/ajax] Nincs mit megjeleníteni ebben a pozicióba: {*}
[2019-11-14 09:05:55][http://awe5.plugin.hu] Nincs mit megjeleníteni ebben a pozicióba: {content}
[2019-11-15 10:24:28][http://awe5.plugin.hu] Nincs mit megjeleníteni ebben a pozicióba: {content}
[2019-11-15 10:24:52][http://awe5.plugin.hu] Nincs mit megjeleníteni ebben a pozicióba: {content}
[2019-11-15 10:36:58][http://awe5.plugin.hu] Nincs mit megjeleníteni ebben a pozicióba: {content}
[2019-11-15 10:37:01][http://awe5.plugin.hu] Nincs mit megjeleníteni ebben a pozicióba: {content}
[2019-11-15 11:00:35][http://awe5.plugin.hu] Nincs mit megjeleníteni ebben a pozicióba: {content}
[2019-11-15 11:00:37][http://awe5.plugin.hu] Nincs mit megjeleníteni ebben a pozicióba: {content}
[2019-11-15 11:02:11][http://awe5.plugin.hu] Nincs mit megjeleníteni ebben a pozicióba: {content}
[2019-11-15 11:02:12][http://awe5.plugin.hu] Nincs mit megjeleníteni ebben a pozicióba: {content}
[2019-11-15 11:02:13][http://awe5.plugin.hu] Nincs mit megjeleníteni ebben a pozicióba: {content}
[2019-11-15 11:02:15][http://awe5.plugin.hu] Nincs mit megjeleníteni ebben a pozicióba: {content}
[2019-11-15 11:03:19][http://awe5.plugin.hu] Nincs mit megjeleníteni ebben a pozicióba: {content}
[2019-11-15 12:16:52][http://awe5.plugin.hu] Nincs mit megjeleníteni ebben a pozicióba: {*}
[2019-11-15 12:19:09][http://awe5.plugin.hu] Nincs mit megjeleníteni ebben a pozicióba: {*}
[2019-11-15 12:19:51][http://awe5.plugin.hu] Nincs mit megjeleníteni ebben a pozicióba: {*}
[2019-11-15 01:15:29][http://awe5.plugin.hu] Nincs mit megjeleníteni ebben a pozicióba: {*}
[2019-11-15 01:15:32][http://awe5.plugin.hu] Nincs mit megjeleníteni ebben a pozicióba: {*}
[2019-11-15 01:15:34][http://awe5.plugin.hu] Nincs mit megjeleníteni ebben a pozicióba: {*}
[2019-11-16 11:25:12][http://awe5.plugin.hu] Nincs mit megjeleníteni ebben a pozicióba: {content}
[2019-11-16 11:52:53][http://awe5.plugin.hu] Nincs mit megjeleníteni ebben a pozicióba: {content}
[2019-11-16 11:56:10][http://awe5.plugin.hu] Nincs mit megjeleníteni ebben a pozicióba: {content}
[2019-11-16 11:56:10][http://awe5.plugin.hu] Nincs mit megjeleníteni ebben a pozicióba: {content}
[2019-11-16 11:56:11][http://awe5.plugin.hu] Nincs mit megjeleníteni ebben a pozicióba: {content}
[2019-11-16 11:56:11][http://awe5.plugin.hu] Nincs mit megjeleníteni ebben a pozicióba: {content}
[2019-11-16 11:56:12][http://awe5.plugin.hu] Nincs mit megjeleníteni ebben a pozicióba: {content}
[2019-11-16 12:08:39][http://awe5.plugin.hu] Nincs mit megjeleníteni ebben a pozicióba: {content}
[2019-11-16 12:08:40][http://awe5.plugin.hu] Nincs mit megjeleníteni ebben a pozicióba: {content}
[2019-11-16 12:09:30][http://awe5.plugin.hu] Nincs mit megjeleníteni ebben a pozicióba: {content}
[2019-11-16 12:12:45][http://awe5.plugin.hu] Nincs mit megjeleníteni ebben a pozicióba: {content}
[2019-11-16 12:13:18][http://awe5.plugin.hu] Nincs mit megjeleníteni ebben a pozicióba: {content}
[2019-11-16 12:13:43][http://awe5.plugin.hu] Nincs mit megjeleníteni ebben a pozicióba: {content}
[2019-11-16 12:14:59][http://awe5.plugin.hu] Nincs mit megjeleníteni ebben a pozicióba: {content}
[2019-11-16 12:15:59][http://awe5.plugin.hu] Nincs mit megjeleníteni ebben a pozicióba: {content}
[2019-11-16 12:17:31][http://awe5.plugin.hu] Nincs mit megjeleníteni ebben a pozicióba: {content}
[2019-11-16 12:19:17][http://awe5.plugin.hu] Nincs mit megjeleníteni ebben a pozicióba: {content}
[2019-11-16 12:19:40][http://awe5.plugin.hu] Nincs mit megjeleníteni ebben a pozicióba: {content}
[2019-11-16 12:19:41][http://awe5.plugin.hu] Nincs mit megjeleníteni ebben a pozicióba: {content}
[2019-11-16 12:23:41][http://awe5.plugin.hu] Nincs mit megjeleníteni ebben a pozicióba: {content}
[2019-11-16 02:13:17][http://awe5.plugin.hu] Nincs mit megjeleníteni ebben a pozicióba: {content}
[2019-11-16 02:13:18][http://awe5.plugin.hu] Nincs mit megjeleníteni ebben a pozicióba: {content}
[2019-11-16 02:13:19][http://awe5.plugin.hu] Nincs mit megjeleníteni ebben a pozicióba: {content}
[2019-11-16 02:36:55][http://awe5.plugin.hu] Nincs mit megjeleníteni ebben a pozicióba: {content}
[2019-11-16 02:39:40][http://awe5.plugin.hu] Nincs mit megjeleníteni ebben a pozicióba: {content}
[2019-11-16 02:39:41][http://awe5.plugin.hu] Nincs mit megjeleníteni ebben a pozicióba: {content}
[2019-11-16 02:44:43][http://awe5.plugin.hu] Nincs mit megjeleníteni ebben a pozicióba: {content}
[2019-11-16 02:44:45][http://awe5.plugin.hu] Nincs mit megjeleníteni ebben a pozicióba: {content}
[2019-11-16 02:45:12][http://awe5.plugin.hu] Nincs mit megjeleníteni ebben a pozicióba: {content}
[2019-11-16 02:45:35][http://awe5.plugin.hu] Nincs mit megjeleníteni ebben a pozicióba: {content}
[2019-11-16 02:45:36][http://awe5.plugin.hu] Nincs mit megjeleníteni ebben a pozicióba: {content}
[2019-11-16 02:45:37][http://awe5.plugin.hu] Nincs mit megjeleníteni ebben a pozicióba: {content}
[2019-11-16 02:45:38][http://awe5.plugin.hu] Nincs mit megjeleníteni ebben a pozicióba: {content}
[2019-11-16 02:45:40][http://awe5.plugin.hu] Nincs mit megjeleníteni ebben a pozicióba: {content}
[2019-11-16 02:46:05][http://awe5.plugin.hu] Nincs mit megjeleníteni ebben a pozicióba: {content}
[2019-11-16 02:46:06][http://awe5.plugin.hu] Nincs mit megjeleníteni ebben a pozicióba: {content}
[2019-11-16 02:46:07][http://awe5.plugin.hu] Nincs mit megjeleníteni ebben a pozicióba: {content}
[2019-11-16 02:48:53][http://awe5.plugin.hu] Nincs mit megjeleníteni ebben a pozicióba: {content}
[2019-11-16 02:48:54][http://awe5.plugin.hu] Nincs mit megjeleníteni ebben a pozicióba: {content}
[2019-11-16 02:48:55][http://awe5.plugin.hu] Nincs mit megjeleníteni ebben a pozicióba: {content}
[2019-11-16 02:48:55][http://awe5.plugin.hu] Nincs mit megjeleníteni ebben a pozicióba: {content}
[2019-11-16 02:48:55][http://awe5.plugin.hu] Nincs mit megjeleníteni ebben a pozicióba: {content}
[2019-11-16 02:48:55][http://awe5.plugin.hu] Nincs mit megjeleníteni ebben a pozicióba: {content}
[2019-11-16 02:48:55][http://awe5.plugin.hu] Nincs mit megjeleníteni ebben a pozicióba: {content}
[2019-11-16 02:48:55][http://awe5.plugin.hu] Nincs mit megjeleníteni ebben a pozicióba: {content}
[2019-11-16 02:48:56][http://awe5.plugin.hu] Nincs mit megjeleníteni ebben a pozicióba: {content}
[2019-11-16 02:48:56][http://awe5.plugin.hu] Nincs mit megjeleníteni ebben a pozicióba: {content}
[2019-11-16 02:48:56][http://awe5.plugin.hu] Nincs mit megjeleníteni ebben a pozicióba: {content}
[2019-11-16 02:48:56][http://awe5.plugin.hu] Nincs mit megjeleníteni ebben a pozicióba: {content}
[2019-11-16 02:51:16][http://awe5.plugin.hu] Nincs mit megjeleníteni ebben a pozicióba: {content}
[2019-11-16 02:51:17][http://awe5.plugin.hu] Nincs mit megjeleníteni ebben a pozicióba: {content}
[2019-11-16 02:51:18][http://awe5.plugin.hu] Nincs mit megjeleníteni ebben a pozicióba: {content}
[2019-11-16 02:54:27][http://awe5.plugin.hu] Nincs mit megjeleníteni ebben a pozicióba: {content}
[2019-11-16 02:55:17][http://awe5.plugin.hu] Nincs mit megjeleníteni ebben a pozicióba: {content}
[2019-11-16 02:56:18][http://awe5.plugin.hu] Nincs mit megjeleníteni ebben a pozicióba: {content}
[2019-11-16 02:56:20][http://awe5.plugin.hu] Nincs mit megjeleníteni ebben a pozicióba: {content}
[2019-11-16 02:56:52][http://awe5.plugin.hu] Nincs mit megjeleníteni ebben a pozicióba: {content}
[2019-11-16 02:56:53][http://awe5.plugin.hu] Nincs mit megjeleníteni ebben a pozicióba: {content}
[2019-11-16 02:58:17][http://awe5.plugin.hu] Nincs mit megjeleníteni ebben a pozicióba: {content}
[2019-11-16 02:58:17][http://awe5.plugin.hu] Nincs mit megjeleníteni ebben a pozicióba: {content}
[2019-11-16 02:58:18][http://awe5.plugin.hu] Nincs mit megjeleníteni ebben a pozicióba: {content}
[2019-11-16 02:59:20][http://awe5.plugin.hu] Nincs mit megjeleníteni ebben a pozicióba: {content}
[2019-11-16 02:59:34][http://awe5.plugin.hu] Nincs mit megjeleníteni ebben a pozicióba: {content}
[2019-11-16 02:59:59][http://awe5.plugin.hu] Nincs mit megjeleníteni ebben a pozicióba: {content}
[2019-11-16 03:00:41][http://awe5.plugin.hu] Nincs mit megjeleníteni ebben a pozicióba: {content}
[2019-11-16 03:00:44][http://awe5.plugin.hu] Nincs mit megjeleníteni ebben a pozicióba: {content}
[2019-11-16 03:01:10][http://awe5.plugin.hu] Nincs mit megjeleníteni ebben a pozicióba: {content}
[2019-11-16 03:01:11][http://awe5.plugin.hu] Nincs mit megjeleníteni ebben a pozicióba: {content}
[2019-11-16 03:01:11][http://awe5.plugin.hu] Nincs mit megjeleníteni ebben a pozicióba: {content}
[2019-11-16 03:01:54][http://awe5.plugin.hu] Nincs mit megjeleníteni ebben a pozicióba: {content}
[2019-11-16 03:02:44][http://awe5.plugin.hu] Nincs mit megjeleníteni ebben a pozicióba: {content}
[2019-11-16 03:03:01][http://awe5.plugin.hu] Nincs mit megjeleníteni ebben a pozicióba: {content}
[2019-11-16 03:03:11][http://awe5.plugin.hu] Nincs mit megjeleníteni ebben a pozicióba: {content}
[2019-11-16 03:04:07][http://awe5.plugin.hu] Nincs mit megjeleníteni ebben a pozicióba: {content}
[2019-11-16 03:05:19][http://awe5.plugin.hu] Nincs mit megjeleníteni ebben a pozicióba: {content}
[2019-11-16 03:05:20][http://awe5.plugin.hu] Nincs mit megjeleníteni ebben a pozicióba: {content}
[2019-11-16 03:05:20][http://awe5.plugin.hu] Nincs mit megjeleníteni ebben a pozicióba: {content}
[2019-11-16 03:05:20][http://awe5.plugin.hu] Nincs mit megjeleníteni ebben a pozicióba: {content}
[2019-11-16 03:05:20][http://awe5.plugin.hu] Nincs mit megjeleníteni ebben a pozicióba: {content}
[2019-11-16 03:05:20][http://awe5.plugin.hu] Nincs mit megjeleníteni ebben a pozicióba: {content}
[2019-11-16 03:05:21][http://awe5.plugin.hu] Nincs mit megjeleníteni ebben a pozicióba: {content}
[2019-11-16 03:06:07][http://awe5.plugin.hu] Nincs mit megjeleníteni ebben a pozicióba: {content}
[2019-11-16 03:06:07][http://awe5.plugin.hu] Nincs mit megjeleníteni ebben a pozicióba: {content}
[2019-11-16 03:06:08][http://awe5.plugin.hu] Nincs mit megjeleníteni ebben a pozicióba: {content}
[2019-11-16 03:06:08][http://awe5.plugin.hu] Nincs mit megjeleníteni ebben a pozicióba: {content}
[2019-11-16 03:06:25][http://awe5.plugin.hu] Nincs mit megjeleníteni ebben a pozicióba: {content}
[2019-11-16 03:06:26][http://awe5.plugin.hu] Nincs mit megjeleníteni ebben a pozicióba: {content}
[2019-11-16 03:06:26][http://awe5.plugin.hu] Nincs mit megjeleníteni ebben a pozicióba: {content}
[2019-11-16 03:06:41][http://awe5.plugin.hu] Nincs mit megjeleníteni ebben a pozicióba: {content}
[2019-11-16 03:07:24][http://awe5.plugin.hu] Nincs mit megjeleníteni ebben a pozicióba: {content}
[2019-11-16 03:07:25][http://awe5.plugin.hu] Nincs mit megjeleníteni ebben a pozicióba: {content}
[2019-11-16 03:07:25][http://awe5.plugin.hu] Nincs mit megjeleníteni ebben a pozicióba: {content}
[2019-11-16 03:07:25][http://awe5.plugin.hu] Nincs mit megjeleníteni ebben a pozicióba: {content}
[2019-11-16 03:08:03][http://awe5.plugin.hu] Nincs mit megjeleníteni ebben a pozicióba: {content}
[2019-11-16 03:08:03][http://awe5.plugin.hu] Nincs mit megjeleníteni ebben a pozicióba: {content}
[2019-11-16 03:08:03][http://awe5.plugin.hu] Nincs mit megjeleníteni ebben a pozicióba: {content}
[2019-11-16 03:08:03][http://awe5.plugin.hu] Nincs mit megjeleníteni ebben a pozicióba: {content}
[2019-11-16 03:08:04][http://awe5.plugin.hu] Nincs mit megjeleníteni ebben a pozicióba: {content}
[2019-11-16 03:08:04][http://awe5.plugin.hu] Nincs mit megjeleníteni ebben a pozicióba: {content}
[2019-11-16 03:11:53][http://awe5.plugin.hu] Nincs mit megjeleníteni ebben a pozicióba: {content}
[2019-11-16 03:11:54][http://awe5.plugin.hu] Nincs mit megjeleníteni ebben a pozicióba: {content}
[2019-11-16 03:11:54][http://awe5.plugin.hu] Nincs mit megjeleníteni ebben a pozicióba: {content}
[2019-11-16 03:11:54][http://awe5.plugin.hu] Nincs mit megjeleníteni ebben a pozicióba: {content}
[2019-11-16 03:11:56][http://awe5.plugin.hu] Nincs mit megjeleníteni ebben a pozicióba: {content}
[2019-11-16 03:11:57][http://awe5.plugin.hu] Nincs mit megjeleníteni ebben a pozicióba: {content}
[2019-11-16 03:11:57][http://awe5.plugin.hu] Nincs mit megjeleníteni ebben a pozicióba: {content}
[2019-11-16 03:11:58][http://awe5.plugin.hu] Nincs mit megjeleníteni ebben a pozicióba: {content}
[2019-11-16 03:13:21][http://awe5.plugin.hu] Nincs mit megjeleníteni ebben a pozicióba: {content}
[2019-11-16 03:14:17][http://awe5.plugin.hu] Nincs mit megjeleníteni ebben a pozicióba: {content}
[2019-11-16 03:14:18][http://awe5.plugin.hu] Nincs mit megjeleníteni ebben a pozicióba: {content}
[2019-11-17 11:14:28][http://awe5.plugin.hu] Nincs mit megjeleníteni ebben a pozicióba: {content}
[2019-11-17 11:16:01][http://awe5.plugin.hu] Nincs mit megjeleníteni ebben a pozicióba: {content}
[2019-11-17 11:16:02][http://awe5.plugin.hu] Nincs mit megjeleníteni ebben a pozicióba: {content}
[2019-11-17 11:16:03][http://awe5.plugin.hu] Nincs mit megjeleníteni ebben a pozicióba: {content}
[2019-11-17 11:16:03][http://awe5.plugin.hu] Nincs mit megjeleníteni ebben a pozicióba: {content}
[2019-11-17 11:18:19][http://awe5.plugin.hu] Nincs mit megjeleníteni ebben a pozicióba: {content}
[2019-11-17 11:18:19][http://awe5.plugin.hu] Nincs mit megjeleníteni ebben a pozicióba: {content}
[2019-11-17 11:18:20][http://awe5.plugin.hu] Nincs mit megjeleníteni ebben a pozicióba: {content}
[2019-11-17 11:18:20][http://awe5.plugin.hu] Nincs mit megjeleníteni ebben a pozicióba: {content}
[2019-11-17 11:18:20][http://awe5.plugin.hu] Nincs mit megjeleníteni ebben a pozicióba: {content}
[2019-11-17 11:19:01][http://awe5.plugin.hu] Nincs mit megjeleníteni ebben a pozicióba: {content}
[2019-11-17 11:19:02][http://awe5.plugin.hu] Nincs mit megjeleníteni ebben a pozicióba: {content}
[2019-11-17 11:19:02][http://awe5.plugin.hu] Nincs mit megjeleníteni ebben a pozicióba: {content}
[2019-11-17 11:19:02][http://awe5.plugin.hu] Nincs mit megjeleníteni ebben a pozicióba: {content}
[2019-11-17 11:19:02][http://awe5.plugin.hu] Nincs mit megjeleníteni ebben a pozicióba: {content}
[2019-11-17 11:19:49][http://awe5.plugin.hu] Nincs mit megjeleníteni ebben a pozicióba: {content}
[2019-11-17 11:19:50][http://awe5.plugin.hu] Nincs mit megjeleníteni ebben a pozicióba: {content}
[2019-11-17 11:20:12][http://awe5.plugin.hu] Nincs mit megjeleníteni ebben a pozicióba: {content}
[2019-11-17 11:21:14][http://awe5.plugin.hu] Nincs mit megjeleníteni ebben a pozicióba: {content}
[2019-11-17 11:21:35][http://awe5.plugin.hu] Nincs mit megjeleníteni ebben a pozicióba: {content}
[2019-11-17 11:21:36][http://awe5.plugin.hu] Nincs mit megjeleníteni ebben a pozicióba: {content}
[2019-11-17 11:21:36][http://awe5.plugin.hu] Nincs mit megjeleníteni ebben a pozicióba: {content}
[2019-11-17 11:21:36][http://awe5.plugin.hu] Nincs mit megjeleníteni ebben a pozicióba: {content}
[2019-11-17 11:21:36][http://awe5.plugin.hu] Nincs mit megjeleníteni ebben a pozicióba: {content}
[2019-11-17 11:21:59][http://awe5.plugin.hu] Nincs mit megjeleníteni ebben a pozicióba: {content}
[2019-11-17 11:22:16][http://awe5.plugin.hu] Nincs mit megjeleníteni ebben a pozicióba: {content}
[2019-11-17 11:22:17][http://awe5.plugin.hu] Nincs mit megjeleníteni ebben a pozicióba: {content}
[2019-11-17 11:22:19][http://awe5.plugin.hu] Nincs mit megjeleníteni ebben a pozicióba: {content}
[2019-11-17 11:22:42][http://awe5.plugin.hu] Nincs mit megjeleníteni ebben a pozicióba: {content}
[2019-11-17 11:22:54][http://awe5.plugin.hu] Nincs mit megjeleníteni ebben a pozicióba: {content}
[2019-11-17 11:22:55][http://awe5.plugin.hu] Nincs mit megjeleníteni ebben a pozicióba: {content}
[2019-11-17 11:24:39][http://awe5.plugin.hu] Nincs mit megjeleníteni ebben a pozicióba: {content}
[2019-11-17 11:24:40][http://awe5.plugin.hu] Nincs mit megjeleníteni ebben a pozicióba: {content}
[2019-11-17 11:24:41][http://awe5.plugin.hu] Nincs mit megjeleníteni ebben a pozicióba: {content}
[2019-11-17 11:24:42][http://awe5.plugin.hu] Nincs mit megjeleníteni ebben a pozicióba: {content}
[2019-11-17 11:24:42][http://awe5.plugin.hu] Nincs mit megjeleníteni ebben a pozicióba: {content}
[2019-11-17 11:24:42][http://awe5.plugin.hu] Nincs mit megjeleníteni ebben a pozicióba: {content}
[2019-11-17 11:24:42][http://awe5.plugin.hu] Nincs mit megjeleníteni ebben a pozicióba: {content}
[2019-11-17 11:24:55][http://awe5.plugin.hu] Nincs mit megjeleníteni ebben a pozicióba: {content}
[2019-11-17 11:25:42][http://awe5.plugin.hu] Nincs mit megjeleníteni ebben a pozicióba: {content}
[2019-11-17 11:25:43][http://awe5.plugin.hu] Nincs mit megjeleníteni ebben a pozicióba: {content}
[2019-11-17 11:26:10][http://awe5.plugin.hu] Nincs mit megjeleníteni ebben a pozicióba: {content}
[2019-11-17 11:26:51][http://awe5.plugin.hu] Nincs mit megjeleníteni ebben a pozicióba: {content}
[2019-11-17 11:26:52][http://awe5.plugin.hu] Nincs mit megjeleníteni ebben a pozicióba: {content}
[2019-11-17 11:26:52][http://awe5.plugin.hu] Nincs mit megjeleníteni ebben a pozicióba: {content}
[2019-11-17 11:26:52][http://awe5.plugin.hu] Nincs mit megjeleníteni ebben a pozicióba: {content}
[2019-11-17 11:27:05][http://awe5.plugin.hu] Nincs mit megjeleníteni ebben a pozicióba: {content}
[2019-11-17 11:27:46][http://awe5.plugin.hu] Nincs mit megjeleníteni ebben a pozicióba: {content}
[2019-11-17 11:27:47][http://awe5.plugin.hu] Nincs mit megjeleníteni ebben a pozicióba: {content}
[2019-11-17 11:27:47][http://awe5.plugin.hu] Nincs mit megjeleníteni ebben a pozicióba: {content}
[2019-11-17 11:29:20][http://awe5.plugin.hu] Nincs mit megjeleníteni ebben a pozicióba: {content}
[2019-11-17 11:29:20][http://awe5.plugin.hu] Nincs mit megjeleníteni ebben a pozicióba: {content}
[2019-11-17 11:29:21][http://awe5.plugin.hu] Nincs mit megjeleníteni ebben a pozicióba: {content}
[2019-11-17 11:29:51][http://awe5.plugin.hu] Nincs mit megjeleníteni ebben a pozicióba: {content}
[2019-11-17 11:31:47][http://awe5.plugin.hu] Nincs mit megjeleníteni ebben a pozicióba: {content}
[2019-11-17 11:31:48][http://awe5.plugin.hu] Nincs mit megjeleníteni ebben a pozicióba: {content}
[2019-11-17 11:31:57][http://awe5.plugin.hu] Nincs mit megjeleníteni ebben a pozicióba: {content}
[2019-11-17 11:33:06][http://awe5.plugin.hu] Nincs mit megjeleníteni ebben a pozicióba: {content}
[2019-11-17 11:34:13][http://awe5.plugin.hu] Nincs mit megjeleníteni ebben a pozicióba: {content}
[2019-11-17 11:34:14][http://awe5.plugin.hu] Nincs mit megjeleníteni ebben a pozicióba: {content}
[2019-11-17 11:34:14][http://awe5.plugin.hu] Nincs mit megjeleníteni ebben a pozicióba: {content}
[2019-11-17 11:35:07][http://awe5.plugin.hu] Nincs mit megjeleníteni ebben a pozicióba: {content}
[2019-11-17 11:36:19][http://awe5.plugin.hu] Nincs mit megjeleníteni ebben a pozicióba: {content}
[2019-11-17 11:36:19][http://awe5.plugin.hu] Nincs mit megjeleníteni ebben a pozicióba: {content}
[2019-11-17 11:36:19][http://awe5.plugin.hu] Nincs mit megjeleníteni ebben a pozicióba: {content}
[2019-11-17 11:36:19][http://awe5.plugin.hu] Nincs mit megjeleníteni ebben a pozicióba: {content}
[2019-11-17 11:36:19][http://awe5.plugin.hu] Nincs mit megjeleníteni ebben a pozicióba: {content}
[2019-11-17 11:36:37][http://awe5.plugin.hu] Nincs mit megjeleníteni ebben a pozicióba: {content}
[2019-11-17 11:36:55][http://awe5.plugin.hu] Nincs mit megjeleníteni ebben a pozicióba: {content}
[2019-11-17 11:36:56][http://awe5.plugin.hu] Nincs mit megjeleníteni ebben a pozicióba: {content}
[2019-11-17 11:42:26][http://awe5.plugin.hu] Nincs mit megjeleníteni ebben a pozicióba: {content}
[2019-11-17 11:42:27][http://awe5.plugin.hu] Nincs mit megjeleníteni ebben a pozicióba: {content}
[2019-11-17 11:43:27][http://awe5.plugin.hu] Nincs mit megjeleníteni ebben a pozicióba: {content}
[2019-11-17 11:43:27][http://awe5.plugin.hu] Nincs mit megjeleníteni ebben a pozicióba: {content}
[2019-11-17 11:43:28][http://awe5.plugin.hu] Nincs mit megjeleníteni ebben a pozicióba: {content}
[2019-11-17 11:43:28][http://awe5.plugin.hu] Nincs mit megjeleníteni ebben a pozicióba: {content}
[2019-11-17 11:44:56][http://awe5.plugin.hu] Nincs mit megjeleníteni ebben a pozicióba: {content}
[2019-11-17 11:44:57][http://awe5.plugin.hu] Nincs mit megjeleníteni ebben a pozicióba: {content}
[2019-11-17 11:44:57][http://awe5.plugin.hu] Nincs mit megjeleníteni ebben a pozicióba: {content}
[2019-11-17 11:44:57][http://awe5.plugin.hu] Nincs mit megjeleníteni ebben a pozicióba: {content}
[2019-11-17 11:45:03][http://awe5.plugin.hu] Nincs mit megjeleníteni ebben a pozicióba: {content}
[2019-11-17 11:45:15][http://awe5.plugin.hu] Nincs mit megjeleníteni ebben a pozicióba: {content}
[2019-11-17 11:46:57][http://awe5.plugin.hu] Nincs mit megjeleníteni ebben a pozicióba: {content}
[2019-11-17 11:46:57][http://awe5.plugin.hu] Nincs mit megjeleníteni ebben a pozicióba: {content}
[2019-11-17 11:47:46][http://awe5.plugin.hu] Nincs mit megjeleníteni ebben a pozicióba: {content}
[2019-11-17 11:48:12][http://awe5.plugin.hu] Nincs mit megjeleníteni ebben a pozicióba: {content}
[2019-11-17 11:50:17][http://awe5.plugin.hu] Nincs mit megjeleníteni ebben a pozicióba: {content}
[2019-11-17 11:50:25][http://awe5.plugin.hu] Nincs mit megjeleníteni ebben a pozicióba: {content}
[2019-11-17 11:50:26][http://awe5.plugin.hu] Nincs mit megjeleníteni ebben a pozicióba: {content}
[2019-11-17 11:50:27][http://awe5.plugin.hu] Nincs mit megjeleníteni ebben a pozicióba: {content}
[2019-11-17 11:50:28][http://awe5.plugin.hu] Nincs mit megjeleníteni ebben a pozicióba: {content}
[2019-11-17 11:50:29][http://awe5.plugin.hu] Nincs mit megjeleníteni ebben a pozicióba: {content}
[2019-11-17 11:50:29][http://awe5.plugin.hu] Nincs mit megjeleníteni ebben a pozicióba: {content}
[2019-11-17 11:50:30][http://awe5.plugin.hu] Nincs mit megjeleníteni ebben a pozicióba: {content}
[2019-11-17 11:50:30][http://awe5.plugin.hu] Nincs mit megjeleníteni ebben a pozicióba: {content}
[2019-11-17 11:50:30][http://awe5.plugin.hu] Nincs mit megjeleníteni ebben a pozicióba: {content}
[2019-11-17 11:50:30][http://awe5.plugin.hu] Nincs mit megjeleníteni ebben a pozicióba: {content}
[2019-11-17 11:50:30][http://awe5.plugin.hu] Nincs mit megjeleníteni ebben a pozicióba: {content}
[2019-11-17 11:50:30][http://awe5.plugin.hu] Nincs mit megjeleníteni ebben a pozicióba: {content}
[2019-11-17 11:50:31][http://awe5.plugin.hu] Nincs mit megjeleníteni ebben a pozicióba: {content}
[2019-11-17 11:50:31][http://awe5.plugin.hu] Nincs mit megjeleníteni ebben a pozicióba: {content}
[2019-11-17 11:50:31][http://awe5.plugin.hu] Nincs mit megjeleníteni ebben a pozicióba: {content}
[2019-11-17 11:50:31][http://awe5.plugin.hu] Nincs mit megjeleníteni ebben a pozicióba: {content}
[2019-11-17 11:50:31][http://awe5.plugin.hu] Nincs mit megjeleníteni ebben a pozicióba: {content}
[2019-11-17 11:50:31][http://awe5.plugin.hu] Nincs mit megjeleníteni ebben a pozicióba: {content}
[2019-11-17 11:50:33][http://awe5.plugin.hu] Nincs mit megjeleníteni ebben a pozicióba: {content}
[2019-11-17 11:50:34][http://awe5.plugin.hu] Nincs mit megjeleníteni ebben a pozicióba: {content}
[2019-11-17 11:50:35][http://awe5.plugin.hu] Nincs mit megjeleníteni ebben a pozicióba: {content}
[2019-11-17 11:50:37][http://awe5.plugin.hu] Nincs mit megjeleníteni ebben a pozicióba: {content}
[2019-11-17 11:50:37][http://awe5.plugin.hu] Nincs mit megjeleníteni ebben a pozicióba: {content}
[2019-11-17 11:50:47][http://awe5.plugin.hu] Nincs mit megjeleníteni ebben a pozicióba: {content}
[2019-11-17 11:50:49][http://awe5.plugin.hu] Nincs mit megjeleníteni ebben a pozicióba: {content}
[2019-11-17 11:50:50][http://awe5.plugin.hu] Nincs mit megjeleníteni ebben a pozicióba: {content}
[2019-11-17 11:51:01][http://awe5.plugin.hu] Nincs mit megjeleníteni ebben a pozicióba: {content}
[2019-11-17 11:56:03][http://awe5.plugin.hu] Nincs mit megjeleníteni ebben a pozicióba: {content}
[2019-11-17 11:56:04][http://awe5.plugin.hu] Nincs mit megjeleníteni ebben a pozicióba: {content}
[2019-11-17 12:20:06][http://awe5.plugin.hu] Nincs mit megjeleníteni ebben a pozicióba: {*}
[2019-11-17 02:01:14][http://awe5.plugin.hu] Nincs mit megjeleníteni ebben a pozicióba: {content}
[2019-11-17 02:02:49][http://awe5.plugin.hu] Nincs mit megjeleníteni ebben a pozicióba: {content}
[2019-11-17 02:02:50][http://awe5.plugin.hu] Nincs mit megjeleníteni ebben a pozicióba: {content}
[2019-11-17 02:03:10][http://awe5.plugin.hu] Nincs mit megjeleníteni ebben a pozicióba: {content}
[2019-11-18 07:44:15][http://awe5.plugin.hu] Nincs mit megjeleníteni ebben a pozicióba: {content}
[2019-11-18 07:44:23][http://awe5.plugin.hu] Nincs mit megjeleníteni ebben a pozicióba: {content}
[2019-11-18 07:45:40][http://awe5.plugin.hu] Nincs mit megjeleníteni ebben a pozicióba: {content}
[2019-11-18 09:26:27][http://awe5.plugin.hu] Nincs mit megjeleníteni ebben a pozicióba: {content}
[2019-11-18 12:08:29][http://awe5.plugin.hu] Nincs mit megjeleníteni ebben a pozicióba: {*}
[2019-11-18 12:44:37][http://awe5.plugin.hu] Nincs mit megjeleníteni ebben a pozicióba: {content}
[2019-11-18 12:44:41][http://awe5.plugin.hu] Nincs mit megjeleníteni ebben a pozicióba: {content}
[2019-11-18 01:01:29][http://awe5.plugin.hu] Nincs mit megjeleníteni ebben a pozicióba: {content}
[2019-11-21 12:51:25][http://awe5.plugin.hu] Nincs mit megjeleníteni ebben a pozicióba: {content}
[2019-11-21 12:53:15][http://awe5.plugin.hu] Nincs mit megjeleníteni ebben a pozicióba: {content}
[2019-11-21 12:54:01][http://awe5.plugin.hu] Nincs mit megjeleníteni ebben a pozicióba: {content}
[2019-11-21 12:54:23][http://awe5.plugin.hu] Nincs mit megjeleníteni ebben a pozicióba: {content}
[2019-11-21 12:54:30][http://awe5.plugin.hu] Nincs mit megjeleníteni ebben a pozicióba: {content}
[2019-11-21 12:55:53][http://awe5.plugin.hu] Nincs mit megjeleníteni ebben a pozicióba: {content}
[2019-11-21 12:55:57][http://awe5.plugin.hu] Nincs mit megjeleníteni ebben a pozicióba: {content}
[2019-11-21 12:56:14][http://awe5.plugin.hu] Nincs mit megjeleníteni ebben a pozicióba: {content}
[2019-11-21 12:57:24][http://awe5.plugin.hu] Nincs mit megjeleníteni ebben a pozicióba: {content}
[2019-11-21 12:57:26][http://awe5.plugin.hu] Nincs mit megjeleníteni ebben a pozicióba: {content}
[2019-11-21 01:00:15][http://awe5.plugin.hu] Nincs mit megjeleníteni ebben a pozicióba: {content}
[2019-11-21 01:00:15][http://awe5.plugin.hu] Nincs mit megjeleníteni ebben a pozicióba: {content}
[2019-11-21 01:48:49][http://awe5.plugin.hu] Nincs mit megjeleníteni ebben a pozicióba: {content}
[2019-11-22 10:57:39][http://awe5.plugin.hu] Nincs mit megjeleníteni ebben a pozicióba: {content}
[2019-11-22 11:31:41][http://awe5.plugin.hu] W0001 - Nem adtál meg sql parancsot!
[2019-11-22 02:11:53][http://awe5.plugin.hu] Nincs mit megjeleníteni ebben a pozicióba: {*}
[2019-11-22 02:20:28][http://awe5.plugin.hu] Nincs mit megjeleníteni ebben a pozicióba: {*}
[2019-11-22 02:22:40][http://awe5.plugin.hu] Nincs mit megjeleníteni ebben a pozicióba: {*}
[2019-11-22 02:39:05][http://awe5.plugin.hu] Nincs mit megjeleníteni ebben a pozicióba: {*}
